TN:
SF:buildDiff.js
FN:3,buildDiff
FN:5,(anonymous_1)
FNF:2
FNH:2
FNDA:15,buildDiff
FNDA:54,(anonymous_1)
DA:4,15
DA:5,15
DA:6,54
DA:7,15
DA:9,39
DA:10,6
DA:13,33
DA:14,33
DA:16,33
DA:17,12
DA:20,21
DA:21,9
DA:24,12
LF:13
LH:13
BRDA:6,0,0,15
BRDA:6,0,1,39
BRDA:9,1,0,6
BRDA:9,1,1,33
BRDA:16,2,0,12
BRDA:16,2,1,21
BRDA:16,3,0,33
BRDA:16,3,1,15
BRDA:20,4,0,9
BRDA:20,4,1,12
BRF:10
BRH:10
end_of_record
TN:
SF:formatDiff.js
FN:3,formatDiff
FN:6,(anonymous_1)
FNF:2
FNH:2
FNDA:5,formatDiff
FNDA:18,(anonymous_1)
DA:4,5
DA:6,5
DA:7,18
DA:8,18
DA:10,5
DA:12,2
DA:14,3
DA:16,4
DA:21,4
DA:23,0
DA:27,5
LF:11
LH:10
BRDA:3,0,0,1
BRDA:8,1,0,5
BRDA:8,1,1,2
BRDA:8,1,2,3
BRDA:8,1,3,4
BRDA:8,1,4,4
BRDA:8,1,5,0
BRF:7
BRH:6
end_of_record
TN:
SF:gendiff.js
FN:8,genDiff
FN:31,(anonymous_1)
FNF:2
FNH:1
FNDA:3,genDiff
FNDA:0,(anonymous_1)
DA:9,3
DA:10,3
DA:12,3
DA:13,3
DA:15,3
DA:16,3
DA:20,3
DA:24,0
DA:25,0
DA:32,0
DA:33,0
DA:34,0
DA:36,0
DA:37,0
DA:41,0
LF:15
LH:7
BRDA:8,0,0,1
BRDA:16,1,0,3
BRDA:16,1,1,0
BRDA:20,2,0,0
BRDA:20,2,1,3
BRDA:21,3,0,3
BRDA:21,3,1,3
BRDA:21,3,2,3
BRF:8
BRH:6
end_of_record
TN:
SF:parsers.js
FN:6,parseFile
FNF:1
FNH:1
FNDA:6,parseFile
DA:7,6
DA:8,6
DA:10,6
DA:11,6
DA:12,0
DA:13,0
DA:15,0
LF:7
LH:4
BRDA:10,0,0,6
BRDA:10,0,1,0
BRDA:12,1,0,0
BRDA:12,1,1,0
BRDA:12,2,0,0
BRDA:12,2,1,0
BRF:6
BRH:1
end_of_record
TN:
SF:stringify.js
FN:3,stringify
FN:10,(anonymous_1)
FNF:2
FNH:2
FNDA:27,stringify
FNDA:9,(anonymous_1)
DA:4,27
DA:5,20
DA:7,7
DA:8,7
DA:9,7
DA:10,9
DA:12,7
LF:7
LH:7
BRDA:3,0,0,0
BRDA:4,1,0,20
BRDA:4,1,1,7
BRF:3
BRH:2
end_of_record
TN:
SF:formatters/index.js
FN:11,(anonymous_0)
FNF:1
FNH:1
FNDA:3,(anonymous_0)
DA:5,3
DA:12,3
DA:13,3
DA:14,0
DA:16,3
LF:5
LH:4
BRDA:11,0,0,0
BRDA:13,1,0,0
BRDA:13,1,1,3
BRF:3
BRH:1
end_of_record
TN:
SF:formatters/json.js
FN:1,(anonymous_0)
FNF:1
FNH:1
FNDA:1,(anonymous_0)
DA:1,1
LF:1
LH:1
BRF:0
BRH:0
end_of_record
TN:
SF:formatters/plain.js
FN:3,(anonymous_0)
FN:13,(anonymous_1)
FN:14,(anonymous_2)
FN:34,(anonymous_3)
FNF:4
FNH:4
FNDA:13,(anonymous_0)
FNDA:5,(anonymous_1)
FNDA:18,(anonymous_2)
FNDA:1,(anonymous_3)
DA:3,3
DA:4,13
DA:5,3
DA:7,10
DA:8,7
DA:10,3
DA:13,3
DA:14,5
DA:15,18
DA:16,18
DA:18,5
DA:20,2
DA:22,4
DA:24,4
DA:26,3
DA:28,0
DA:31,5
DA:34,1
LF:18
LH:17
BRDA:4,0,0,3
BRDA:4,0,1,10
BRDA:7,1,0,7
BRDA:7,1,1,3
BRDA:13,2,0,1
BRDA:16,3,0,5
BRDA:16,3,1,2
BRDA:16,3,2,4
BRDA:16,3,3,4
BRDA:16,3,4,3
BRDA:16,3,5,0
BRF:11
BRH:10
end_of_record
